<?xml version="1.0" encoding="UTF-8"?>
<!-- Generated by org.testng.reporters.JUnitReportReporter -->
<testsuite skipped="0" hostname="TmastersAnkit" name="testScripts.Module1" tests="1" failures="0" timestamp="15 Mar 2019 04:42:49 GMT" time="53.194" errors="0">
  <testcase name="TC101" time="53.194" classname="testScripts.Module1"/>
</testsuite> <!-- testScripts.Module1 -->
